1504103916261	geckodriver	INFO	geckodriver 0.18.0
1504103916265	geckodriver	INFO	Listening on 127.0.0.1:56857
1504103917333	geckodriver::marionette	INFO	Starting browser /Applications/Firefox.app/Contents/MacOS/firefox-bin with args ["-marionette"]
1504103917623	addons.xpi	WARN	Error parsing extensions state: [Exception... "Component returned failure code: 0x80520012 (NS_ERROR_FILE_NOT_FOUND) [amIAddonManagerStartup.readStartupData]"  nsresult: "0x80520012 (NS_ERROR_FILE_NOT_FOUND)"  location: "JS frame :: resource://gre/modules/addons/XPIProvider.jsm :: loadExtensionState :: line 1596"  data: no] Stack trace: loadExtensionState()@resource://gre/modules/addons/XPIProvider.jsm:1596 < getInstallState()@resource://gre/modules/addons/XPIProvider.jsm:1631 < checkForChanges()@resource://gre/modules/addons/XPIProvider.jsm:3152 < startup()@resource://gre/modules/addons/XPIProvider.jsm:2246 < callProvider()@resource://gre/modules/AddonManager.jsm:271 < _startProvider()@resource://gre/modules/AddonManager.jsm:741 < startup()@resource://gre/modules/AddonManager.jsm:908 < startup()@resource://gre/modules/AddonManager.jsm:3122 < observe()@jar:file:///Applications/Firefox.app/Contents/Resources/omni.ja!/components/addonManager.js:65
1504103918009	Marionette	INFO	Enabled via --marionette
2017-08-30 15:38:39.242 plugin-container[10027:56717176] *** CFMessagePort: bootstrap_register(): failed 1100 (0x44c) 'Permission denied', port = 0xde3b, name = 'com.apple.tsm.portname'
See /usr/include/servers/bootstrap_defs.h for the error codes.
2017-08-30 15:38:39.243 plugin-container[10027:56717176] *** CFMessagePort: bootstrap_register(): failed 1100 (0x44c) 'Permission denied', port = 0xe103, name = 'com.apple.CFPasteboardClient'
See /usr/include/servers/bootstrap_defs.h for the error codes.
1504103919456	Marionette	INFO	Listening on port 56866
JavaScript error: chrome://marionette/content/server.js, line 337: NS_ERROR_SOCKET_ADDRESS_IN_USE: Component returned failure code: 0x804b0036 (NS_ERROR_SOCKET_ADDRESS_IN_USE) [nsIServerSocket.initSpecialConnection]
1504103919522	Marionette	WARN	TLS certificate errors will be ignored for this session
1504103919562	Marionette	DEBUG	loaded listener.js
1504103921487	Marionette	DEBUG	Received DOM event "beforeunload" for "about:blank"
1504103921665	Marionette	DEBUG	Received DOM event "pagehide" for "about:blank"
1504103921665	Marionette	DEBUG	Received DOM event "unload" for "about:blank"
1504103921671	Marionette	DEBUG	Received DOM event "DOMContentLoaded" for "https://sandbox.zenodo.org/deposit/101809"
1504103921678	Marionette	DEBUG	Received DOM event "pageshow" for "https://sandbox.zenodo.org/deposit/101809"
1504103929781	Marionette	DEBUG	Received DOM event "beforeunload" for "https://sandbox.zenodo.org/deposit/101809"
1504103929808	Marionette	DEBUG	Received DOM event "pagehide" for "https://sandbox.zenodo.org/deposit/101809"
1504103929808	Marionette	DEBUG	Received DOM event "unload" for "https://sandbox.zenodo.org/deposit/101809"
1504103929812	Marionette	DEBUG	Received DOM event "DOMContentLoaded" for "https://sandbox.zenodo.org/login"
1504103929815	Marionette	DEBUG	Received DOM event "pageshow" for "https://sandbox.zenodo.org/login"
1504103970486	Marionette	DEBUG	loaded listener.js
2017-08-30 15:39:30.566 plugin-container[10036:56730398] *** CFMessagePort: bootstrap_register(): failed 1100 (0x44c) 'Permission denied', port = 0xdb3b, name = 'com.apple.tsm.portname'
See /usr/include/servers/bootstrap_defs.h for the error codes.
2017-08-30 15:39:30.567 plugin-container[10036:56730398] *** CFMessagePort: bootstrap_register(): failed 1100 (0x44c) 'Permission denied', port = 0xde03, name = 'com.apple.CFPasteboardClient'
See /usr/include/servers/bootstrap_defs.h for the error codes.
